[2025-09-19T08-19-22-110Z] [LAUNCHER] Logger initialized.
[2025-09-19T08:19:22.201Z] [LAUNCHER] [LOG]: String Iniciando la configuracion del Launcher...
[2025-09-19T08:19:22.207Z] [LAUNCHER] [LOG]: Object {
  "account_selected": 1,
  "instance_selct": "98aaa771710034f51af3f01545713620667d0046",
  "java_config": {
    "java_path": null,
    "java_memory": {
      "min": 5,
      "max": 7
    }
  },
  "game_config": {
    "screen_size": {
      "width": 1280,
      "height": 720
    }
  },
  "launcher_config": {
    "download_multi": 30,
    "theme": "dark",
    "closeLauncher": "close-launcher",
    "intelEnabledMac": true
  },
  "ID": 1
}
[2025-09-19T08:19:22.208Z] [LAUNCHER] [LOG]: String Iniciando Login Panel...
[2025-09-19T08:19:22.209Z] [LAUNCHER] [LOG]: String Iniciando Home Panel...
[2025-09-19T08:19:22.215Z] [LAUNCHER] [LOG]: String Iniciando Lobby Panel...
[2025-09-19T08:19:22.217Z] [LAUNCHER] [LOG]: String Iniciando Settings Panel...
[2025-09-19T08:19:22.309Z] [LAUNCHER] [LOG]: Array []
