[2025-09-19T07-45-03-117Z] [LAUNCHER] Logger initialized.
[2025-09-19T07:45:03.236Z] [LAUNCHER] [LOG]: String Iniciando la configuracion del Launcher...
[2025-09-19T07:45:03.256Z] [LAUNCHER] [LOG]: Object {
  "account_selected": null,
  "instance_selct": null,
  "java_config": {
    "java_path": null,
    "java_memory": {
      "min": 5,
      "max": 7
    }
  },
  "game_config": {
    "screen_size": {
      "width": 1280,
      "height": 720
    }
  },
  "launcher_config": {
    "download_multi": 30,
    "theme": "dark",
    "closeLauncher": "close-launcher",
    "intelEnabledMac": true
  },
  "ID": 1
}
[2025-09-19T07:45:03.257Z] [LAUNCHER] [LOG]: String Iniciando Login Panel...
[2025-09-19T07:45:03.272Z] [LAUNCHER] [LOG]: String Iniciando Home Panel...
[2025-09-19T07:45:03.275Z] [LAUNCHER] [LOG]: String Iniciando Lobby Panel...
[2025-09-19T07:45:03.277Z] [LAUNCHER] [LOG]: String Iniciando Settings Panel...
[2025-09-19T07:45:03.357Z] [LAUNCHER] [LOG]: Array []
